<?xml version="1.0" encoding="UTF-8"?>
<testsuite name="piano.PointerTest" tests="1" skipped="0" failures="0" errors="0" timestamp="2020-05-29T11:57:16" hostname="DESKTOP-F7RLK9I" time="0.073">
  <properties/>
  <testcase name="operationsOnPointerX" classname="piano.PointerTest" time="0.073"/>
  <system-out><![CDATA[]]></system-out>
  <system-err><![CDATA[]]></system-err>
</testsuite>
