<?xml version="1.0" encoding="UTF-8"?>
<testsuite name="piano.AppTest" tests="1" skipped="0" failures="0" errors="0" timestamp="2020-05-29T11:57:15" hostname="DESKTOP-F7RLK9I" time="0.883">
  <properties/>
  <testcase name="appOpensWithoutException" classname="piano.AppTest" time="0.883"/>
  <system-out><![CDATA[]]></system-out>
  <system-err><![CDATA[]]></system-err>
</testsuite>
