<?xml version="1.0" encoding="UTF-8"?>
<testsuite name="piano.SoundPlayerTest" tests="7" skipped="0" failures="0" errors="0" timestamp="2020-05-29T11:57:14" hostname="DESKTOP-F7RLK9I" time="0.677">
  <properties/>
  <testcase name="loadInstrumentSavedInstrumentPresentOrAbsent" classname="piano.SoundPlayerTest" time="0.06"/>
  <testcase name="playCurBeatTest1" classname="piano.SoundPlayerTest" time="0.25"/>
  <testcase name="playCurBeatTest2" classname="piano.SoundPlayerTest" time="0.083"/>
  <testcase name="soundPlayerCreation" classname="piano.SoundPlayerTest" time="0.079"/>
  <testcase name="saveInstrument" classname="piano.SoundPlayerTest" time="0.074"/>
  <testcase name="getAndChangeInstrument" classname="piano.SoundPlayerTest" time="0.07"/>
  <testcase name="getAndSetCurQuaver" classname="piano.SoundPlayerTest" time="0.06"/>
  <system-out><![CDATA[java.io.FileWriter@30f43d52
java.io.FileWriter@9bbc344
java.io.FileWriter@7b6b74ac
java.io.FileWriter@6a3284ba
java.io.FileWriter@3e8a2bc5
]]></system-out>
  <system-err><![CDATA[]]></system-err>
</testsuite>
